2025/08/21 15:12:18 [emerg] 13#13: "load_module" directive is not allowed here in /etc/nginx/conf.d/default.conf:10
2025/08/21 15:14:48 [emerg] 13#13: unknown directive "modsecurity" in /etc/nginx/conf.d/default.conf:24
2025/08/21 15:18:53 [emerg] 14#14: "modsecurity_rules_file" directive Rules error. File: /etc/nginx/modsecurity/modsecurity.conf. Line: 5. Column: 33. As of ModSecurity version 3.0, SecRequestBodyInMemoryLimit is no longer supported. Instead, you can use your web server configurations to control those values. ModSecurity will follow the web server decision.  in /etc/nginx/conf.d/default.conf:66
2025/08/21 15:20:05 [emerg] 14#14: module "ngx_http_modsecurity_module" is already loaded in /etc/nginx/nginx.conf:9
2025/08/21 15:21:06 [emerg] 13#13: module "ngx_http_modsecurity_module" is already loaded in /etc/nginx/nginx.conf:9
2025/08/21 15:22:04 [emerg] 13#13: unknown directive "modsecurity" in /etc/nginx/conf.d/default.conf:65
2025/08/21 15:22:51 [emerg] 13#13: unknown directive "modsecurity_rules_file" in /etc/nginx/conf.d/default.conf:65
2025/08/21 15:23:33 [notice] 1#1: using the "epoll" event method
2025/08/21 15:23:33 [notice] 1#1: nginx/1.28.0
2025/08/21 15:23:33 [notice] 1#1: built by gcc 14.2.0 (Alpine 14.2.0) 
2025/08/21 15:23:33 [notice] 1#1: OS: Linux 6.6.87.2-microsoft-standard-WSL2
2025/08/21 15:23:33 [notice] 1#1: getrlimit(RLIMIT_NOFILE): 1048576:1048576
2025/08/21 15:23:33 [notice] 1#1: start worker processes
2025/08/21 15:23:33 [notice] 1#1: start worker process 14
2025/08/21 15:23:33 [notice] 1#1: start worker process 15
2025/08/21 15:25:27 [notice] 1#1: signal 3 (SIGQUIT) received, shutting down
2025/08/21 15:25:27 [notice] 14#14: gracefully shutting down
2025/08/21 15:25:27 [notice] 14#14: exiting
2025/08/21 15:25:27 [notice] 15#15: gracefully shutting down
2025/08/21 15:25:27 [notice] 14#14: exit
2025/08/21 15:25:27 [notice] 15#15: exiting
2025/08/21 15:25:27 [notice] 15#15: exit
2025/08/21 15:25:27 [notice] 1#1: signal 17 (SIGCHLD) received from 14
2025/08/21 15:25:27 [notice] 1#1: worker process 14 exited with code 0
2025/08/21 15:25:27 [notice] 1#1: worker process 15 exited with code 0
2025/08/21 15:25:27 [notice] 1#1: exit
2025/08/21 15:26:21 [emerg] 14#14: unknown directive "modsecurity" in /etc/nginx/conf.d/default.conf:65
2025/08/21 15:27:04 [emerg] 15#15: unknown directive "modsecurity" in /etc/nginx/conf.d/default.conf:65
2025/08/21 15:31:07 [emerg] 13#13: unknown directive "modsecurity" in /etc/nginx/conf.d/default.conf:65
2025/08/23 23:30:22 [emerg] 13#13: unknown directive "modsecurity" in /etc/nginx/conf.d/default.conf:65
2025/08/23 23:35:54 [emerg] 13#13: unknown directive "modsecurity" in /etc/nginx/conf.d/default.conf:65
2025/08/23 23:51:02 [emerg] 1#1: "modsecurity_rules_file" directive Rules error. File: /etc/modsecurity.d/rules.conf. Line: 179. Column: 33. As of ModSecurity version 3.0, SecRequestBodyInMemoryLimit is no longer supported. Instead, you can use your web server configurations to control those values. ModSecurity will follow the web server decision.  in /etc/nginx/nginx.conf:29
2025/08/23 23:56:54 [emerg] 1#1: "modsecurity_rules_file" directive Rules error. File: /etc/modsecurity.d/rules.conf. Line: 182. Column: 30. syntax error, unexpected CONFIG_VALUE_OFF  in /etc/nginx/nginx.conf:29
2025/08/24 00:03:58 [emerg] 1#1: "modsecurity_rules_file" directive Rules error. File: /etc/modsecurity.d/rules.conf. Line: 182. Column: 30. syntax error, unexpected CONFIG_VALUE_OFF  in /etc/nginx/nginx.conf:29
2025/08/24 00:27:02 [notice] 1#1: ModSecurity-nginx v1.0.3 (rules loaded inline/local/remote: 0/0/0)
2025/08/24 00:27:02 [notice] 1#1: using the "epoll" event method
2025/08/24 00:27:02 [notice] 1#1: nginx/1.22.1
2025/08/24 00:27:02 [notice] 1#1: built by gcc 11.2.1 20220219 (Alpine 11.2.1_git20220219) 
2025/08/24 00:27:02 [notice] 1#1: OS: Linux 6.6.87.2-microsoft-standard-WSL2
2025/08/24 00:27:02 [notice] 1#1: getrlimit(RLIMIT_NOFILE): 1048576:1048576
2025/08/24 00:27:02 [notice] 1#1: start worker processes
2025/08/24 00:27:02 [notice] 1#1: start worker process 54
2025/08/24 00:27:02 [notice] 1#1: start worker process 55
2025/08/24 00:27:06 [error] 55#55: *1 open() "/usr/share/nginx/html/health" failed (2: No such file or directory), client: ::1, server: localhost, request: "GET /health HTTP/1.1", host: "localhost:80"
2025/08/24 00:27:11 [error] 54#54: *2 open() "/usr/share/nginx/html/health" failed (2: No such file or directory), client: ::1, server: localhost, request: "GET /health HTTP/1.1", host: "localhost:80"
2025/08/24 00:27:41 [error] 55#55: *3 open() "/usr/share/nginx/html/health" failed (2: No such file or directory), client: ::1, server: localhost, request: "GET /health HTTP/1.1", host: "localhost:80"
2025/08/24 00:28:11 [error] 55#55: *4 open() "/usr/share/nginx/html/health" failed (2: No such file or directory), client: ::1, server: localhost, request: "GET /health HTTP/1.1", host: "localhost:80"
2025/08/24 00:28:19 [notice] 1#1: signal 3 (SIGQUIT) received, shutting down
2025/08/24 00:28:19 [notice] 54#54: gracefully shutting down
2025/08/24 00:28:19 [notice] 54#54: exiting
2025/08/24 00:28:19 [notice] 55#55: gracefully shutting down
2025/08/24 00:28:19 [notice] 55#55: exiting
2025/08/24 00:28:19 [notice] 55#55: exit
2025/08/24 00:28:19 [notice] 54#54: exit
2025/08/24 00:28:19 [notice] 1#1: signal 17 (SIGCHLD) received from 54
2025/08/24 00:28:19 [notice] 1#1: worker process 54 exited with code 0
2025/08/24 00:28:19 [notice] 1#1: signal 29 (SIGIO) received
2025/08/24 00:28:19 [notice] 1#1: signal 17 (SIGCHLD) received from 55
2025/08/24 00:28:19 [notice] 1#1: worker process 55 exited with code 0
2025/08/24 00:28:19 [notice] 1#1: exit
2025/08/24 00:32:35 [notice] 1#1: ModSecurity-nginx v1.0.3 (rules loaded inline/local/remote: 0/0/0)
2025/08/24 00:32:35 [notice] 1#1: using the "epoll" event method
2025/08/24 00:32:35 [notice] 1#1: nginx/1.22.1
2025/08/24 00:32:35 [notice] 1#1: built by gcc 11.2.1 20220219 (Alpine 11.2.1_git20220219) 
2025/08/24 00:32:35 [notice] 1#1: OS: Linux 6.6.87.2-microsoft-standard-WSL2
2025/08/24 00:32:35 [notice] 1#1: getrlimit(RLIMIT_NOFILE): 1048576:1048576
2025/08/24 00:32:35 [notice] 1#1: start worker processes
2025/08/24 00:32:35 [notice] 1#1: start worker process 54
2025/08/24 00:32:35 [notice] 1#1: start worker process 55
2025/08/24 00:32:40 [error] 54#54: *1 open() "/usr/share/nginx/html/health" failed (2: No such file or directory), client: ::1, server: localhost, request: "GET /health HTTP/1.1", host: "localhost:80"
2025/08/24 00:32:45 [error] 55#55: *2 open() "/usr/share/nginx/html/health" failed (2: No such file or directory), client: ::1, server: localhost, request: "GET /health HTTP/1.1", host: "localhost:80"
2025/08/24 00:33:15 [error] 54#54: *3 open() "/usr/share/nginx/html/health" failed (2: No such file or directory), client: ::1, server: localhost, request: "GET /health HTTP/1.1", host: "localhost:80"
2025/08/24 00:33:45 [error] 54#54: *4 open() "/usr/share/nginx/html/health" failed (2: No such file or directory), client: ::1, server: localhost, request: "GET /health HTTP/1.1", host: "localhost:80"
2025/08/24 00:34:15 [error] 54#54: *5 open() "/usr/share/nginx/html/health" failed (2: No such file or directory), client: ::1, server: localhost, request: "GET /health HTTP/1.1", host: "localhost:80"
2025/08/24 00:34:45 [error] 54#54: *6 open() "/usr/share/nginx/html/health" failed (2: No such file or directory), client: ::1, server: localhost, request: "GET /health HTTP/1.1", host: "localhost:80"
2025/08/24 00:35:16 [error] 54#54: *7 open() "/usr/share/nginx/html/health" failed (2: No such file or directory), client: ::1, server: localhost, request: "GET /health HTTP/1.1", host: "localhost:80"
2025/08/24 00:35:46 [error] 54#54: *8 open() "/usr/share/nginx/html/health" failed (2: No such file or directory), client: ::1, server: localhost, request: "GET /health HTTP/1.1", host: "localhost:80"
2025/08/24 00:36:16 [error] 54#54: *9 open() "/usr/share/nginx/html/health" failed (2: No such file or directory), client: ::1, server: localhost, request: "GET /health HTTP/1.1", host: "localhost:80"
2025/08/24 00:36:46 [error] 54#54: *10 open() "/usr/share/nginx/html/health" failed (2: No such file or directory), client: ::1, server: localhost, request: "GET /health HTTP/1.1", host: "localhost:80"
2025/08/24 00:37:14 [error] 54#54: *11 open() "/usr/share/nginx/html/.well-known/appspecific/com.chrome.devtools.json" failed (2: No such file or directory), client: 172.18.0.1, server: localhost, request: "GET /.well-known/appspecific/com.chrome.devtools.json HTTP/1.1", host: "localhost"
2025/08/24 00:37:14 [error] 54#54: *11 open() "/usr/share/nginx/html/favicon.ico" failed (2: No such file or directory), client: 172.18.0.1, server: localhost, request: "GET /favicon.ico HTTP/1.1", host: "localhost", referrer: "http://localhost/"
2025/08/24 00:37:16 [error] 54#54: *12 open() "/usr/share/nginx/html/health" failed (2: No such file or directory), client: ::1, server: localhost, request: "GET /health HTTP/1.1", host: "localhost:80"
2025/08/24 00:37:46 [error] 54#54: *13 open() "/usr/share/nginx/html/health" failed (2: No such file or directory), client: ::1, server: localhost, request: "GET /health HTTP/1.1", host: "localhost:80"
2025/08/24 00:38:16 [error] 54#54: *14 open() "/usr/share/nginx/html/health" failed (2: No such file or directory), client: ::1, server: localhost, request: "GET /health HTTP/1.1", host: "localhost:80"
2025/08/24 00:38:46 [error] 54#54: *15 open() "/usr/share/nginx/html/health" failed (2: No such file or directory), client: ::1, server: localhost, request: "GET /health HTTP/1.1", host: "localhost:80"
2025/08/24 00:39:09 [notice] 220#220: ModSecurity-nginx v1.0.3 (rules loaded inline/local/remote: 0/0/0)
2025/08/24 00:39:09 [notice] 220#220: signal process started
2025/08/24 00:39:09 [notice] 1#1: signal 1 (SIGHUP) received from 220, reconfiguring
2025/08/24 00:39:09 [notice] 1#1: reconfiguring
2025/08/24 00:39:09 [notice] 1#1: ModSecurity-nginx v1.0.3 (rules loaded inline/local/remote: 0/0/0)
2025/08/24 00:39:09 [notice] 1#1: using the "epoll" event method
2025/08/24 00:39:09 [notice] 1#1: start worker processes
2025/08/24 00:39:09 [notice] 1#1: start worker process 226
2025/08/24 00:39:09 [notice] 1#1: start worker process 227
2025/08/24 00:39:09 [notice] 54#54: gracefully shutting down
2025/08/24 00:39:09 [notice] 55#55: gracefully shutting down
2025/08/24 00:39:09 [notice] 54#54: exiting
2025/08/24 00:39:09 [notice] 55#55: exiting
2025/08/24 00:39:09 [notice] 54#54: exit
2025/08/24 00:39:09 [notice] 55#55: exit
2025/08/24 00:39:09 [notice] 1#1: signal 17 (SIGCHLD) received from 55
2025/08/24 00:39:09 [notice] 1#1: worker process 55 exited with code 0
2025/08/24 00:39:09 [notice] 1#1: signal 29 (SIGIO) received
2025/08/24 00:39:09 [notice] 1#1: signal 17 (SIGCHLD) received from 54
2025/08/24 00:39:09 [notice] 1#1: worker process 54 exited with code 0
2025/08/24 00:39:09 [notice] 1#1: signal 29 (SIGIO) received
2025/08/24 00:39:16 [error] 226#226: *16 open() "/usr/share/nginx/html/health" failed (2: No such file or directory), client: ::1, server: localhost, request: "GET /health HTTP/1.1", host: "localhost:80"
2025/08/24 00:39:40 [error] 226#226: *17 open() "/usr/share/nginx/html/.well-known/appspecific/com.chrome.devtools.json" failed (2: No such file or directory), client: 172.18.0.1, server: localhost, request: "GET /.well-known/appspecific/com.chrome.devtools.json HTTP/1.1", host: "localhost"
2025/08/24 00:39:46 [error] 227#227: *18 open() "/usr/share/nginx/html/health" failed (2: No such file or directory), client: ::1, server: localhost, request: "GET /health HTTP/1.1", host: "localhost:80"
2025/08/24 00:40:16 [error] 226#226: *19 open() "/usr/share/nginx/html/health" failed (2: No such file or directory), client: ::1, server: localhost, request: "GET /health HTTP/1.1", host: "localhost:80"
2025/08/24 00:40:46 [error] 226#226: *20 open() "/usr/share/nginx/html/health" failed (2: No such file or directory), client: ::1, server: localhost, request: "GET /health HTTP/1.1", host: "localhost:80"
2025/08/24 00:41:16 [error] 226#226: *21 open() "/usr/share/nginx/html/health" failed (2: No such file or directory), client: ::1, server: localhost, request: "GET /health HTTP/1.1", host: "localhost:80"
2025/08/24 00:41:46 [error] 226#226: *22 open() "/usr/share/nginx/html/health" failed (2: No such file or directory), client: ::1, server: localhost, request: "GET /health HTTP/1.1", host: "localhost:80"
2025/08/24 00:41:47 [notice] 283#283: ModSecurity-nginx v1.0.3 (rules loaded inline/local/remote: 0/0/0)
2025/08/24 00:41:47 [notice] 283#283: signal process started
2025/08/24 00:41:47 [notice] 1#1: signal 1 (SIGHUP) received from 283, reconfiguring
2025/08/24 00:41:47 [notice] 1#1: reconfiguring
2025/08/24 00:41:47 [notice] 1#1: ModSecurity-nginx v1.0.3 (rules loaded inline/local/remote: 0/0/0)
2025/08/24 00:41:47 [notice] 1#1: using the "epoll" event method
2025/08/24 00:41:47 [notice] 1#1: start worker processes
2025/08/24 00:41:47 [notice] 1#1: start worker process 289
2025/08/24 00:41:47 [notice] 1#1: start worker process 290
2025/08/24 00:41:47 [notice] 227#227: gracefully shutting down
2025/08/24 00:41:47 [notice] 226#226: gracefully shutting down
2025/08/24 00:41:47 [notice] 227#227: exiting
2025/08/24 00:41:47 [notice] 226#226: exiting
2025/08/24 00:41:47 [notice] 227#227: exit
2025/08/24 00:41:47 [notice] 226#226: exit
2025/08/24 00:41:47 [notice] 1#1: signal 17 (SIGCHLD) received from 227
2025/08/24 00:41:47 [notice] 1#1: worker process 227 exited with code 0
2025/08/24 00:41:47 [notice] 1#1: signal 29 (SIGIO) received
2025/08/24 00:41:47 [notice] 1#1: signal 17 (SIGCHLD) received from 226
2025/08/24 00:41:47 [notice] 1#1: worker process 226 exited with code 0
2025/08/24 00:41:47 [notice] 1#1: signal 29 (SIGIO) received
2025/08/24 00:42:02 [notice] 291#291: ModSecurity-nginx v1.0.3 (rules loaded inline/local/remote: 0/0/0)
2025/08/24 00:42:11 [error] 289#289: *23 open() "/usr/share/nginx/html/.well-known/appspecific/com.chrome.devtools.json" failed (2: No such file or directory), client: 172.18.0.1, server: localhost, request: "GET /.well-known/appspecific/com.chrome.devtools.json HTTP/1.1", host: "localhost"
2025/08/24 00:42:14 [error] 289#289: *23 open() "/usr/share/nginx/html/.well-known/appspecific/com.chrome.devtools.json" failed (2: No such file or directory), client: 172.18.0.1, server: localhost, request: "GET /.well-known/appspecific/com.chrome.devtools.json HTTP/1.1", host: "localhost"
2025/08/24 00:42:16 [error] 289#289: *24 open() "/usr/share/nginx/html/health" failed (2: No such file or directory), client: ::1, server: localhost, request: "GET /health HTTP/1.1", host: "localhost:80"
2025/08/24 00:42:47 [error] 290#290: *25 open() "/usr/share/nginx/html/health" failed (2: No such file or directory), client: ::1, server: localhost, request: "GET /health HTTP/1.1", host: "localhost:80"
2025/08/24 00:43:17 [error] 289#289: *26 open() "/usr/share/nginx/html/health" failed (2: No such file or directory), client: ::1, server: localhost, request: "GET /health HTTP/1.1", host: "localhost:80"
2025/08/24 00:43:47 [error] 289#289: *27 open() "/usr/share/nginx/html/health" failed (2: No such file or directory), client: ::1, server: localhost, request: "GET /health HTTP/1.1", host: "localhost:80"
2025/08/24 00:44:17 [error] 289#289: *28 open() "/usr/share/nginx/html/health" failed (2: No such file or directory), client: ::1, server: localhost, request: "GET /health HTTP/1.1", host: "localhost:80"
2025/08/24 00:44:47 [error] 289#289: *29 open() "/usr/share/nginx/html/health" failed (2: No such file or directory), client: ::1, server: localhost, request: "GET /health HTTP/1.1", host: "localhost:80"
2025/08/24 00:45:17 [error] 289#289: *30 open() "/usr/share/nginx/html/health" failed (2: No such file or directory), client: ::1, server: localhost, request: "GET /health HTTP/1.1", host: "localhost:80"
2025/08/24 00:45:47 [error] 289#289: *31 open() "/usr/share/nginx/html/health" failed (2: No such file or directory), client: ::1, server: localhost, request: "GET /health HTTP/1.1", host: "localhost:80"
2025/08/24 00:46:17 [error] 289#289: *32 open() "/usr/share/nginx/html/health" failed (2: No such file or directory), client: ::1, server: localhost, request: "GET /health HTTP/1.1", host: "localhost:80"
2025/08/24 00:46:47 [error] 289#289: *33 open() "/usr/share/nginx/html/health" failed (2: No such file or directory), client: ::1, server: localhost, request: "GET /health HTTP/1.1", host: "localhost:80"
2025/08/24 00:47:17 [error] 289#289: *34 open() "/usr/share/nginx/html/health" failed (2: No such file or directory), client: ::1, server: localhost, request: "GET /health HTTP/1.1", host: "localhost:80"
2025/08/24 00:47:47 [error] 289#289: *35 open() "/usr/share/nginx/html/health" failed (2: No such file or directory), client: ::1, server: localhost, request: "GET /health HTTP/1.1", host: "localhost:80"
2025/08/24 00:48:10 [notice] 411#411: ModSecurity-nginx v1.0.3 (rules loaded inline/local/remote: 0/0/0)
2025/08/24 00:48:17 [error] 289#289: *36 open() "/usr/share/nginx/html/health" failed (2: No such file or directory), client: ::1, server: localhost, request: "GET /health HTTP/1.1", host: "localhost:80"
2025/08/24 00:48:47 [error] 289#289: *37 open() "/usr/share/nginx/html/health" failed (2: No such file or directory), client: ::1, server: localhost, request: "GET /health HTTP/1.1", host: "localhost:80"
2025/08/24 00:49:17 [error] 289#289: *38 open() "/usr/share/nginx/html/health" failed (2: No such file or directory), client: ::1, server: localhost, request: "GET /health HTTP/1.1", host: "localhost:80"
2025/08/24 00:49:47 [error] 289#289: *39 open() "/usr/share/nginx/html/health" failed (2: No such file or directory), client: ::1, server: localhost, request: "GET /health HTTP/1.1", host: "localhost:80"
2025/08/24 00:50:17 [error] 289#289: *40 open() "/usr/share/nginx/html/health" failed (2: No such file or directory), client: ::1, server: localhost, request: "GET /health HTTP/1.1", host: "localhost:80"
2025/08/24 00:50:47 [error] 289#289: *41 open() "/usr/share/nginx/html/health" failed (2: No such file or directory), client: ::1, server: localhost, request: "GET /health HTTP/1.1", host: "localhost:80"
2025/08/24 00:51:17 [error] 290#290: *42 open() "/usr/share/nginx/html/health" failed (2: No such file or directory), client: ::1, server: localhost, request: "GET /health HTTP/1.1", host: "localhost:80"
2025/08/24 00:51:47 [error] 290#290: *43 open() "/usr/share/nginx/html/health" failed (2: No such file or directory), client: ::1, server: localhost, request: "GET /health HTTP/1.1", host: "localhost:80"
2025/08/24 00:52:18 [error] 290#290: *44 open() "/usr/share/nginx/html/health" failed (2: No such file or directory), client: ::1, server: localhost, request: "GET /health HTTP/1.1", host: "localhost:80"
2025/08/24 00:52:40 [notice] 551#551: ModSecurity-nginx v1.0.3 (rules loaded inline/local/remote: 0/0/0)
2025/08/24 00:52:47 [notice] 557#557: ModSecurity-nginx v1.0.3 (rules loaded inline/local/remote: 0/0/0)
2025/08/24 00:52:47 [notice] 557#557: signal process started
2025/08/24 00:52:47 [notice] 1#1: signal 1 (SIGHUP) received from 557, reconfiguring
2025/08/24 00:52:47 [notice] 1#1: reconfiguring
2025/08/24 00:52:47 [notice] 1#1: ModSecurity-nginx v1.0.3 (rules loaded inline/local/remote: 0/0/0)
2025/08/24 00:52:47 [notice] 1#1: using the "epoll" event method
2025/08/24 00:52:47 [notice] 1#1: start worker processes
2025/08/24 00:52:47 [notice] 1#1: start worker process 563
2025/08/24 00:52:47 [notice] 1#1: start worker process 564
2025/08/24 00:52:47 [notice] 290#290: gracefully shutting down
2025/08/24 00:52:47 [notice] 289#289: gracefully shutting down
2025/08/24 00:52:47 [notice] 290#290: exiting
2025/08/24 00:52:47 [notice] 289#289: exiting
2025/08/24 00:52:47 [notice] 290#290: exit
2025/08/24 00:52:47 [notice] 289#289: exit
2025/08/24 00:52:47 [notice] 1#1: signal 17 (SIGCHLD) received from 289
2025/08/24 00:52:47 [notice] 1#1: worker process 289 exited with code 0
2025/08/24 00:52:47 [notice] 1#1: signal 29 (SIGIO) received
2025/08/24 00:52:47 [notice] 1#1: signal 17 (SIGCHLD) received from 290
2025/08/24 00:52:47 [notice] 1#1: worker process 290 exited with code 0
2025/08/24 00:52:47 [notice] 1#1: signal 29 (SIGIO) received
2025/08/24 00:57:22 [notice] 1#1: signal 3 (SIGQUIT) received, shutting down
2025/08/24 00:57:22 [notice] 563#563: gracefully shutting down
2025/08/24 00:57:22 [notice] 564#564: gracefully shutting down
2025/08/24 00:57:22 [notice] 564#564: exiting
2025/08/24 00:57:22 [notice] 563#563: exiting
2025/08/24 00:57:22 [notice] 564#564: exit
2025/08/24 00:57:22 [notice] 563#563: exit
2025/08/24 00:57:22 [notice] 1#1: signal 17 (SIGCHLD) received from 564
2025/08/24 00:57:22 [notice] 1#1: worker process 564 exited with code 0
2025/08/24 00:57:22 [notice] 1#1: signal 29 (SIGIO) received
2025/08/24 00:57:22 [notice] 1#1: signal 17 (SIGCHLD) received from 563
2025/08/24 00:57:22 [notice] 1#1: worker process 563 exited with code 0
2025/08/24 00:57:22 [notice] 1#1: exit
2025/08/24 02:35:50 [emerg] 13#13: host not found in upstream "frontend_upstream" in /etc/nginx/conf.d/default.conf:21
2025/08/24 02:40:17 [notice] 15#15: ModSecurity-nginx v1.0.3 (rules loaded inline/local/remote: 0/0/0)
2025/08/24 02:40:17 [notice] 1#1: ModSecurity-nginx v1.0.3 (rules loaded inline/local/remote: 0/0/0)
2025/08/24 02:40:17 [notice] 1#1: using the "epoll" event method
2025/08/24 02:40:17 [notice] 1#1: nginx/1.22.1
2025/08/24 02:40:17 [notice] 1#1: built by gcc 11.2.1 20220219 (Alpine 11.2.1_git20220219) 
2025/08/24 02:40:17 [notice] 1#1: OS: Linux 6.6.87.2-microsoft-standard-WSL2
2025/08/24 02:40:17 [notice] 1#1: getrlimit(RLIMIT_NOFILE): 1048576:1048576
2025/08/24 02:40:17 [notice] 1#1: start worker processes
2025/08/24 02:40:17 [notice] 1#1: start worker process 16
2025/08/24 02:40:17 [notice] 1#1: start worker process 17
2025/08/24 02:48:22 [notice] 1#1: signal 3 (SIGQUIT) received, shutting down
2025/08/24 02:48:22 [notice] 16#16: gracefully shutting down
2025/08/24 02:48:22 [notice] 16#16: exiting
2025/08/24 02:48:22 [notice] 17#17: gracefully shutting down
2025/08/24 02:48:22 [notice] 16#16: exit
2025/08/24 02:48:22 [notice] 17#17: exiting
2025/08/24 02:48:22 [notice] 17#17: exit
2025/08/24 02:48:22 [notice] 1#1: signal 17 (SIGCHLD) received from 17
2025/08/24 02:48:22 [notice] 1#1: worker process 17 exited with code 0
2025/08/24 02:48:22 [notice] 1#1: signal 29 (SIGIO) received
2025/08/24 02:48:22 [notice] 1#1: signal 17 (SIGCHLD) received from 16
2025/08/24 02:48:22 [notice] 1#1: worker process 16 exited with code 0
2025/08/24 02:48:22 [notice] 1#1: exit
2025/08/24 02:48:55 [notice] 15#15: ModSecurity-nginx v1.0.3 (rules loaded inline/local/remote: 0/0/0)
2025/08/24 02:48:55 [notice] 1#1: ModSecurity-nginx v1.0.3 (rules loaded inline/local/remote: 0/0/0)
2025/08/24 02:48:55 [notice] 1#1: using the "epoll" event method
2025/08/24 02:48:55 [notice] 1#1: nginx/1.22.1
2025/08/24 02:48:55 [notice] 1#1: built by gcc 11.2.1 20220219 (Alpine 11.2.1_git20220219) 
2025/08/24 02:48:55 [notice] 1#1: OS: Linux 6.6.87.2-microsoft-standard-WSL2
2025/08/24 02:48:55 [notice] 1#1: getrlimit(RLIMIT_NOFILE): 1048576:1048576
2025/08/24 02:48:55 [notice] 1#1: start worker processes
2025/08/24 02:48:55 [notice] 1#1: start worker process 16
2025/08/24 02:48:55 [notice] 1#1: start worker process 17
2025/08/24 02:59:42 [notice] 18#18: ModSecurity-nginx v1.0.3 (rules loaded inline/local/remote: 0/0/0)
2025/08/24 02:59:42 [notice] 1#1: ModSecurity-nginx v1.0.3 (rules loaded inline/local/remote: 0/0/0)
2025/08/24 02:59:42 [notice] 1#1: using the "epoll" event method
2025/08/24 02:59:42 [notice] 1#1: nginx/1.22.1
2025/08/24 02:59:42 [notice] 1#1: built by gcc 11.2.1 20220219 (Alpine 11.2.1_git20220219) 
2025/08/24 02:59:42 [notice] 1#1: OS: Linux 6.6.87.2-microsoft-standard-WSL2
2025/08/24 02:59:42 [notice] 1#1: getrlimit(RLIMIT_NOFILE): 1048576:1048576
2025/08/24 02:59:42 [notice] 1#1: start worker processes
2025/08/24 02:59:42 [notice] 1#1: start worker process 19
2025/08/24 02:59:42 [notice] 1#1: start worker process 20
2025/08/24 04:21:18 [notice] 1#1: signal 3 (SIGQUIT) received, shutting down
2025/08/24 04:21:18 [notice] 19#19: gracefully shutting down
2025/08/24 04:21:18 [notice] 20#20: gracefully shutting down
2025/08/24 04:21:18 [notice] 19#19: exiting
2025/08/24 04:21:18 [notice] 20#20: exiting
2025/08/24 04:21:18 [notice] 19#19: exit
2025/08/24 04:21:18 [notice] 20#20: exit
2025/08/24 04:21:18 [notice] 1#1: signal 17 (SIGCHLD) received from 19
2025/08/24 04:21:18 [notice] 1#1: worker process 19 exited with code 0
2025/08/24 04:21:18 [notice] 1#1: signal 29 (SIGIO) received
2025/08/24 04:21:18 [notice] 1#1: signal 17 (SIGCHLD) received from 20
2025/08/24 04:21:18 [notice] 1#1: worker process 20 exited with code 0
2025/08/24 04:21:18 [notice] 1#1: exit
2025/08/24 04:24:48 [warn] 28#28: the "user" directive makes sense only if the master process runs with super-user privileges, ignored in /etc/nginx/nginx.conf:1
2025/08/24 04:24:48 [notice] 28#28: ModSecurity-nginx v1.0.3 (rules loaded inline/local/remote: 0/0/0)
2025/08/24 04:24:48 [emerg] 28#28: open() "/var/run/nginx.pid" failed (13: Permission denied)
2025/08/24 04:26:54 [notice] 31#31: ModSecurity-nginx v1.0.3 (rules loaded inline/local/remote: 0/0/0)
2025/08/24 04:26:54 [notice] 1#1: ModSecurity-nginx v1.0.3 (rules loaded inline/local/remote: 0/0/0)
2025/08/24 04:26:54 [notice] 1#1: using the "epoll" event method
2025/08/24 04:26:54 [notice] 1#1: nginx/1.22.1
2025/08/24 04:26:54 [notice] 1#1: built by gcc 11.2.1 20220219 (Alpine 11.2.1_git20220219) 
2025/08/24 04:26:54 [notice] 1#1: OS: Linux 6.6.87.2-microsoft-standard-WSL2
2025/08/24 04:26:54 [notice] 1#1: getrlimit(RLIMIT_NOFILE): 1048576:1048576
2025/08/24 04:26:54 [notice] 1#1: start worker processes
2025/08/24 04:26:54 [notice] 1#1: start worker process 32
2025/08/24 04:26:54 [notice] 1#1: start worker process 33
2025/08/24 04:29:26 [notice] 1#1: signal 3 (SIGQUIT) received, shutting down
2025/08/24 04:29:26 [notice] 32#32: gracefully shutting down
2025/08/24 04:29:26 [notice] 32#32: exiting
2025/08/24 04:29:26 [notice] 33#33: gracefully shutting down
2025/08/24 04:29:26 [notice] 33#33: exiting
2025/08/24 04:29:26 [notice] 32#32: exit
2025/08/24 04:29:26 [notice] 33#33: exit
2025/08/24 04:29:26 [notice] 1#1: signal 17 (SIGCHLD) received from 32
2025/08/24 04:29:26 [notice] 1#1: worker process 32 exited with code 0
2025/08/24 04:29:26 [notice] 1#1: signal 29 (SIGIO) received
2025/08/24 04:29:26 [notice] 1#1: signal 17 (SIGCHLD) received from 33
2025/08/24 04:29:26 [notice] 1#1: worker process 33 exited with code 0
2025/08/24 04:29:26 [notice] 1#1: exit
2025/08/24 04:29:32 [notice] 30#30: ModSecurity-nginx v1.0.3 (rules loaded inline/local/remote: 0/0/0)
2025/08/24 04:29:32 [notice] 1#1: ModSecurity-nginx v1.0.3 (rules loaded inline/local/remote: 0/0/0)
2025/08/24 04:29:32 [notice] 1#1: using the "epoll" event method
2025/08/24 04:29:32 [notice] 1#1: nginx/1.22.1
2025/08/24 04:29:32 [notice] 1#1: built by gcc 11.2.1 20220219 (Alpine 11.2.1_git20220219) 
2025/08/24 04:29:32 [notice] 1#1: OS: Linux 6.6.87.2-microsoft-standard-WSL2
2025/08/24 04:29:32 [notice] 1#1: getrlimit(RLIMIT_NOFILE): 1048576:1048576
2025/08/24 04:29:32 [notice] 1#1: start worker processes
2025/08/24 04:29:32 [notice] 1#1: start worker process 31
2025/08/24 04:29:32 [notice] 1#1: start worker process 32
2025/08/24 04:42:13 [notice] 1#1: signal 3 (SIGQUIT) received, shutting down
2025/08/24 04:42:13 [notice] 31#31: gracefully shutting down
2025/08/24 04:42:13 [notice] 31#31: exiting
2025/08/24 04:42:13 [notice] 32#32: gracefully shutting down
2025/08/24 04:42:13 [notice] 32#32: exiting
2025/08/24 04:42:13 [notice] 32#32: exit
2025/08/24 04:42:13 [notice] 31#31: exit
2025/08/24 04:42:13 [notice] 1#1: signal 17 (SIGCHLD) received from 32
2025/08/24 04:42:13 [notice] 1#1: worker process 32 exited with code 0
2025/08/24 04:42:13 [notice] 1#1: worker process 31 exited with code 0
2025/08/24 04:42:13 [notice] 1#1: exit
2025/08/24 04:42:46 [notice] 30#30: ModSecurity-nginx v1.0.3 (rules loaded inline/local/remote: 0/0/0)
2025/08/24 04:42:46 [notice] 1#1: ModSecurity-nginx v1.0.3 (rules loaded inline/local/remote: 0/0/0)
2025/08/24 04:42:46 [notice] 1#1: using the "epoll" event method
2025/08/24 04:42:46 [notice] 1#1: nginx/1.22.1
2025/08/24 04:42:46 [notice] 1#1: built by gcc 11.2.1 20220219 (Alpine 11.2.1_git20220219) 
2025/08/24 04:42:46 [notice] 1#1: OS: Linux 6.6.87.2-microsoft-standard-WSL2
2025/08/24 04:42:46 [notice] 1#1: getrlimit(RLIMIT_NOFILE): 1048576:1048576
2025/08/24 04:42:46 [notice] 1#1: start worker processes
2025/08/24 04:42:46 [notice] 1#1: start worker process 31
2025/08/24 04:42:46 [notice] 1#1: start worker process 32
2025/08/24 04:46:11 [warn] 31#31: *129 an upstream response is buffered to a temporary file /var/cache/nginx/proxy_temp/1/00/0000000001 while reading upstream, client: 172.18.0.1, server: localhost, request: "GET /favicon.ico HTTP/1.1", upstream: "http://172.19.0.2:3000/favicon.ico", host: "localhost", referrer: "http://localhost/"
2025/08/24 04:46:26 [notice] 1#1: signal 3 (SIGQUIT) received, shutting down
2025/08/24 04:46:26 [notice] 32#32: gracefully shutting down
2025/08/24 04:46:26 [notice] 31#31: gracefully shutting down
2025/08/24 04:46:26 [notice] 32#32: exiting
2025/08/24 04:46:26 [notice] 31#31: exiting
2025/08/24 04:46:26 [notice] 31#31: exit
2025/08/24 04:46:26 [notice] 32#32: exit
2025/08/24 04:46:27 [notice] 1#1: signal 17 (SIGCHLD) received from 31
2025/08/24 04:46:27 [notice] 1#1: worker process 31 exited with code 0
2025/08/24 04:46:27 [notice] 1#1: worker process 32 exited with code 0
2025/08/24 04:46:27 [notice] 1#1: exit
2025/08/24 04:56:46 [notice] 30#30: ModSecurity-nginx v1.0.3 (rules loaded inline/local/remote: 0/0/0)
2025/08/24 04:56:46 [notice] 1#1: ModSecurity-nginx v1.0.3 (rules loaded inline/local/remote: 0/0/0)
2025/08/24 04:56:46 [notice] 1#1: using the "epoll" event method
2025/08/24 04:56:46 [notice] 1#1: nginx/1.22.1
2025/08/24 04:56:46 [notice] 1#1: built by gcc 11.2.1 20220219 (Alpine 11.2.1_git20220219) 
2025/08/24 04:56:46 [notice] 1#1: OS: Linux 6.6.87.2-microsoft-standard-WSL2
2025/08/24 04:56:46 [notice] 1#1: getrlimit(RLIMIT_NOFILE): 1048576:1048576
2025/08/24 04:56:46 [notice] 1#1: start worker processes
2025/08/24 04:56:46 [notice] 1#1: start worker process 31
2025/08/24 04:56:46 [notice] 1#1: start worker process 32
2025/08/24 05:11:11 [notice] 1#1: signal 3 (SIGQUIT) received, shutting down
2025/08/24 05:11:11 [notice] 32#32: gracefully shutting down
2025/08/24 05:11:11 [notice] 32#32: exiting
2025/08/24 05:11:11 [notice] 31#31: gracefully shutting down
2025/08/24 05:11:11 [notice] 31#31: exiting
2025/08/24 05:11:11 [notice] 32#32: exit
2025/08/24 05:11:11 [notice] 31#31: exit
2025/08/24 05:11:11 [notice] 1#1: signal 17 (SIGCHLD) received from 31
2025/08/24 05:11:11 [notice] 1#1: worker process 31 exited with code 0
2025/08/24 05:11:11 [notice] 1#1: worker process 32 exited with code 0
2025/08/24 05:11:11 [notice] 1#1: exit
2025/08/24 14:11:14 [notice] 30#30: ModSecurity-nginx v1.0.3 (rules loaded inline/local/remote: 0/0/0)
2025/08/24 14:11:14 [notice] 1#1: ModSecurity-nginx v1.0.3 (rules loaded inline/local/remote: 0/0/0)
2025/08/24 14:11:14 [notice] 1#1: using the "epoll" event method
2025/08/24 14:11:14 [notice] 1#1: nginx/1.22.1
2025/08/24 14:11:14 [notice] 1#1: built by gcc 11.2.1 20220219 (Alpine 11.2.1_git20220219) 
2025/08/24 14:11:14 [notice] 1#1: OS: Linux 6.6.87.2-microsoft-standard-WSL2
2025/08/24 14:11:14 [notice] 1#1: getrlimit(RLIMIT_NOFILE): 1048576:1048576
